QDBusConnection: session D-Bus connection created before QCoreApplication. Application may misbehave.

(sogou-qimpanel:5011): Gtk-WARNING **: Unable to locate theme engine in module_path: "adwaita",
No such file or directory: No such file or directory
No such file or directory: No such file or directory
No such file or directory: No such file or directory
No such file or directory: No such file or directory
No such file or directory: No such file or directory
No such file or directory: No such file or directory
No such file or directory: No such file or directory
No such file or directory: No such file or directory
No such file or directory: No such file or directory
No such file or directory: No such file or directory
No such file or directory: No such file or directory
No such file or directory: No such file or directory
No such file or directory: No such file or directory
No such file or directory: No such file or directory
No such file or directory: No such file or directory
No such file or directory: No such file or directory
No such file or directory: No such file or directory
No such file or directory: No such file or directory
No such file or directory: No such file or directory
No such file or directory: No such file or directory
No such file or directory: No such file or directory
No such file or directory: No such file or directory
open file /usr/share/fcitx-sogoupinyin/SogouInput/sgim_charvalid.bin failed.
open file /home/black/.config/SogouPY/punctures.ini failed.
check false, remove P
open file /home/black/.config/SogouPY/punctures.ini failed.
open file  failed.
check false, remove C
open file  failed.
check false, remove C
open file /home/black/.config/SogouPY/sgim_usr_v3_ext.bin failed.
check false, remove U
open file /home/black/.config/SogouPY/sgim_phrases.bin failed.
check false, remove A
open file /home/black/.config/SogouPY/sgim_privilege.bin failed.
check false, remove P
Can not lock /tmp/sogou-qimpanel:0.pid: Resource temporarily unavailable.
QDBusConnection: session D-Bus connection created before QCoreApplication. Application may misbehave.

(sogou-qimpanel:5018): Gtk-WARNING **: Unable to locate theme engine in module_path: "adwaita",
No such file or directory: No such file or directory
No such file or directory: No such file or directory
No such file or directory: No such file or directory
No such file or directory: No such file or directory
No such file or directory: No such file or directory
No such file or directory: No such file or directory
No such file or directory: No such file or directory
No such file or directory: No such file or directory
No such file or directory: No such file or directory
No such file or directory: No such file or directory
No such file or directory: No such file or directory
No such file or directory: No such file or directory
No such file or directory: No such file or directory
No such file or directory: No such file or directory
No such file or directory: No such file or directory
No such file or directory: No such file or directory
No such file or directory: No such file or directory
No such file or directory: No such file or directory
No such file or directory: No such file or directory
No such file or directory: No such file or directory
No such file or directory: No such file or directory
No such file or directory: No such file or directory
open file /usr/share/fcitx-sogoupinyin/SogouInput/sgim_charvalid.bin failed.
open file /home/black/.config/SogouPY/punctures.ini failed.
check false, remove P
open file /home/black/.config/SogouPY/punctures.ini failed.
open file  failed.
check false, remove C
open file  failed.
check false, remove C
open file /home/black/.config/SogouPY/sgim_usr_v3_ext.bin failed.
check false, remove U
open file /home/black/.config/SogouPY/sgim_phrases.bin failed.
check false, remove A
open file /home/black/.config/SogouPY/sgim_privilege.bin failed.
check false, remove P
Can not lock /tmp/sogou-qimpanel:0.pid: Resource temporarily unavailable.
QDBusConnection: session D-Bus connection created before QCoreApplication. Application may misbehave.

(sogou-qimpanel:5025): Gtk-WARNING **: Unable to locate theme engine in module_path: "adwaita",
No such file or directory: No such file or directory
No such file or directory: No such file or directory
No such file or directory: No such file or directory
No such file or directory: No such file or directory
No such file or directory: No such file or directory
No such file or directory: No such file or directory
No such file or directory: No such file or directory
No such file or directory: No such file or directory
No such file or directory: No such file or directory
No such file or directory: No such file or directory
No such file or directory: No such file or directory
No such file or directory: No such file or directory
No such file or directory: No such file or directory
No such file or directory: No such file or directory
No such file or directory: No such file or directory
No such file or directory: No such file or directory
No such file or directory: No such file or directory
No such file or directory: No such file or directory
No such file or directory: No such file or directory
No such file or directory: No such file or directory
No such file or directory: No such file or directory
No such file or directory: No such file or directory
open file /usr/share/fcitx-sogoupinyin/SogouInput/sgim_charvalid.bin failed.
open file /home/black/.config/SogouPY/punctures.ini failed.
check false, remove P
open file /home/black/.config/SogouPY/punctures.ini failed.
open file  failed.
check false, remove C
open file  failed.
check false, remove C
open file /home/black/.config/SogouPY/sgim_usr_v3_ext.bin failed.
check false, remove U
open file /home/black/.config/SogouPY/sgim_phrases.bin failed.
check false, remove A
open file /home/black/.config/SogouPY/sgim_privilege.bin failed.
check false, remove P
Can not lock /tmp/sogou-qimpanel:0.pid: Resource temporarily unavailable.
QDBusConnection: session D-Bus connection created before QCoreApplication. Application may misbehave.

(sogou-qimpanel:5032): Gtk-WARNING **: Unable to locate theme engine in module_path: "adwaita",
No such file or directory: No such file or directory
No such file or directory: No such file or directory
No such file or directory: No such file or directory
No such file or directory: No such file or directory
No such file or directory: No such file or directory
No such file or directory: No such file or directory
No such file or directory: No such file or directory
No such file or directory: No such file or directory
No such file or directory: No such file or directory
No such file or directory: No such file or directory
No such file or directory: No such file or directory
No such file or directory: No such file or directory
No such file or directory: No such file or directory
No such file or directory: No such file or directory
No such file or directory: No such file or directory
No such file or directory: No such file or directory
No such file or directory: No such file or directory
No such file or directory: No such file or directory
No such file or directory: No such file or directory
No such file or directory: No such file or directory
No such file or directory: No such file or directory
No such file or directory: No such file or directory
open file /usr/share/fcitx-sogoupinyin/SogouInput/sgim_charvalid.bin failed.
open file /home/black/.config/SogouPY/punctures.ini failed.
check false, remove P
open file /home/black/.config/SogouPY/punctures.ini failed.
open file  failed.
check false, remove C
open file  failed.
check false, remove C
open file /home/black/.config/SogouPY/sgim_usr_v3_ext.bin failed.
check false, remove U
open file /home/black/.config/SogouPY/sgim_phrases.bin failed.
check false, remove A
open file /home/black/.config/SogouPY/sgim_privilege.bin failed.
check false, remove P
Can not lock /tmp/sogou-qimpanel:0.pid: Resource temporarily unavailable.
QDBusConnection: session D-Bus connection created before QCoreApplication. Application may misbehave.

(sogou-qimpanel:5040): Gtk-WARNING **: Unable to locate theme engine in module_path: "adwaita",
No such file or directory: No such file or directory
No such file or directory: No such file or directory
No such file or directory: No such file or directory
No such file or directory: No such file or directory
No such file or directory: No such file or directory
No such file or directory: No such file or directory
No such file or directory: No such file or directory
No such file or directory: No such file or directory
No such file or directory: No such file or directory
No such file or directory: No such file or directory
No such file or directory: No such file or directory
No such file or directory: No such file or directory
No such file or directory: No such file or directory
No such file or directory: No such file or directory
No such file or directory: No such file or directory
No such file or directory: No such file or directory
No such file or directory: No such file or directory
No such file or directory: No such file or directory
No such file or directory: No such file or directory
No such file or directory: No such file or directory
No such file or directory: No such file or directory
No such file or directory: No such file or directory
open file /usr/share/fcitx-sogoupinyin/SogouInput/sgim_charvalid.bin failed.
open file /home/black/.config/SogouPY/punctures.ini failed.
check false, remove P
open file /home/black/.config/SogouPY/punctures.ini failed.
open file  failed.
check false, remove C
open file  failed.
check false, remove C
open file /home/black/.config/SogouPY/sgim_usr_v3_ext.bin failed.
check false, remove U
open file /home/black/.config/SogouPY/sgim_phrases.bin failed.
check false, remove A
open file /home/black/.config/SogouPY/sgim_privilege.bin failed.
check false, remove P
Can not lock /tmp/sogou-qimpanel:0.pid: Resource temporarily unavailable.
